<?xml version="1.0" encoding="UTF-8"?>
<testng-results skipped="0" failed="0" ignored="0" total="4" passed="4">
  <reporter-output>
  </reporter-output>
  <suite name="Clicktripz Automation Test Suite" duration-ms="177683" started-at="2018-07-06T06:20:39Z" finished-at="2018-07-06T06:23:37Z">
    <groups>
      <group name="exit">
        <method signature="ExitUnitTest.test_Exit_Unit(org.testng.ITestContext)[pri:0, instance:test.HotelCitywideTest@246ae04d]" name="test_Exit_Unit" class="test.ExitUnitTest"/>
        <method signature="ExitUnitTest.test_Exit_Unit(org.testng.ITestContext)[pri:0, instance:test.FlightsTest@5a61f5df]" name="test_Exit_Unit" class="test.ExitUnitTest"/>
      </group> <!-- exit -->
      <group name="search">
        <method signature="HotelCitywideTest.test_Hotel_Citywide(org.testng.ITestContext)[pri:0, instance:test.HotelCitywideTest@246ae04d]" name="test_Hotel_Citywide" class="test.HotelCitywideTest"/>
        <method signature="FlightsTest.test_Flights(org.testng.ITestContext)[pri:0, instance:test.FlightsTest@5a61f5df]" name="test_Flights" class="test.FlightsTest"/>
      </group> <!-- search -->
    </groups>
    <test name="Hotel Citywide Test" duration-ms="72925" started-at="2018-07-06T06:20:39Z" finished-at="2018-07-06T06:21:52Z">
      <class name="test.HotelCitywideTest">
        <test-method status="PASS" signature="setup(java.lang.String)[pri:0, instance:test.HotelCitywideTest@246ae04d]" name="setup" is-config="true" duration-ms="3446" started-at="2018-07-06T01:20:39Z" finished-at="2018-07-06T01:20:42Z">
          <params>
            <param index="0">
              <value>
                <![CDATA[headless]]>
              </value>
            </param>
          </params>
          <reporter-output>
          </reporter-output>
        </test-method> <!-- setup -->
        <test-method status="PASS" signature="_setup()[pri:0, instance:test.HotelCitywideTest@246ae04d]" name="_setup" is-config="true" duration-ms="1253" started-at="2018-07-06T01:20:42Z" finished-at="2018-07-06T01:20:44Z">
          <reporter-output>
          </reporter-output>
        </test-method> <!-- _setup -->
        <test-method status="PASS" signature="test_Hotel_Citywide(org.testng.ITestContext)[pri:0, instance:test.HotelCitywideTest@246ae04d]" name="test_Hotel_Citywide" duration-ms="4556" started-at="2018-07-06T01:20:44Z" data-provider="tc" finished-at="2018-07-06T01:20:48Z">
          <params>
            <param index="0">
              <value>
                <![CDATA[org.testng.TestRunner@483f6d77]]>
              </value>
            </param>
          </params>
          <reporter-output>
          </reporter-output>
        </test-method> <!-- test_Hotel_Citywide -->
        <test-method status="PASS" signature="_setup()[pri:0, instance:test.HotelCitywideTest@246ae04d]" name="_setup" is-config="true" duration-ms="575" started-at="2018-07-06T01:20:48Z" finished-at="2018-07-06T01:20:49Z">
          <reporter-output>
          </reporter-output>
        </test-method> <!-- _setup -->
        <test-method status="PASS" signature="test_Exit_Unit(org.testng.ITestContext)[pri:0, instance:test.HotelCitywideTest@246ae04d]" name="test_Exit_Unit" duration-ms="61593" depends-on-groups="search" started-at="2018-07-06T01:20:49Z" data-provider="tc" finished-at="2018-07-06T01:21:50Z">
          <params>
            <param index="0">
              <value>
                <![CDATA[org.testng.TestRunner@483f6d77]]>
              </value>
            </param>
          </params>
          <reporter-output>
          </reporter-output>
        </test-method> <!-- test_Exit_Unit -->
        <test-method status="PASS" signature="teardown()[pri:0, instance:test.HotelCitywideTest@246ae04d]" name="teardown" is-config="true" duration-ms="1469" depends-on-groups="exit, search" started-at="2018-07-06T01:21:50Z" finished-at="2018-07-06T01:21:52Z">
          <reporter-output>
          </reporter-output>
        </test-method> <!-- teardown -->
      </class> <!-- test.HotelCitywideTest -->
    </test> <!-- Hotel Citywide Test -->
    <test name="Flights Test" duration-ms="104741" started-at="2018-07-06T06:21:52Z" finished-at="2018-07-06T06:23:37Z">
      <class name="test.FlightsTest">
        <test-method status="PASS" signature="setup(java.lang.String)[pri:0, instance:test.FlightsTest@5a61f5df]" name="setup" is-config="true" duration-ms="1009" started-at="2018-07-06T01:21:52Z" finished-at="2018-07-06T01:21:53Z">
          <params>
            <param index="0">
              <value>
                <![CDATA[headless]]>
              </value>
            </param>
          </params>
          <reporter-output>
          </reporter-output>
        </test-method> <!-- setup -->
        <test-method status="PASS" signature="_setup()[pri:0, instance:test.FlightsTest@5a61f5df]" name="_setup" is-config="true" duration-ms="1026" started-at="2018-07-06T01:21:53Z" finished-at="2018-07-06T01:21:54Z">
          <reporter-output>
          </reporter-output>
        </test-method> <!-- _setup -->
        <test-method status="PASS" signature="test_Flights(org.testng.ITestContext)[pri:0, instance:test.FlightsTest@5a61f5df]" name="test_Flights" duration-ms="7504" started-at="2018-07-06T01:21:54Z" data-provider="tc" finished-at="2018-07-06T01:22:01Z">
          <params>
            <param index="0">
              <value>
                <![CDATA[org.testng.TestRunner@2ceee4b6]]>
              </value>
            </param>
          </params>
          <reporter-output>
          </reporter-output>
        </test-method> <!-- test_Flights -->
        <test-method status="PASS" signature="_setup()[pri:0, instance:test.FlightsTest@5a61f5df]" name="_setup" is-config="true" duration-ms="514" started-at="2018-07-06T01:22:01Z" finished-at="2018-07-06T01:22:02Z">
          <reporter-output>
          </reporter-output>
        </test-method> <!-- _setup -->
        <test-method status="PASS" signature="test_Exit_Unit(org.testng.ITestContext)[pri:0, instance:test.FlightsTest@5a61f5df]" name="test_Exit_Unit" duration-ms="92715" depends-on-groups="search" started-at="2018-07-06T01:22:02Z" data-provider="tc" finished-at="2018-07-06T01:23:35Z">
          <params>
            <param index="0">
              <value>
                <![CDATA[org.testng.TestRunner@2ceee4b6]]>
              </value>
            </param>
          </params>
          <reporter-output>
          </reporter-output>
        </test-method> <!-- test_Exit_Unit -->
        <test-method status="PASS" signature="teardown()[pri:0, instance:test.FlightsTest@5a61f5df]" name="teardown" is-config="true" duration-ms="1970" depends-on-groups="exit, search" started-at="2018-07-06T01:23:35Z" finished-at="2018-07-06T01:23:37Z">
          <reporter-output>
          </reporter-output>
        </test-method> <!-- teardown -->
      </class> <!-- test.FlightsTest -->
    </test> <!-- Flights Test -->
  </suite> <!-- Clicktripz Automation Test Suite -->
</testng-results>
