<?xml version="1.0" encoding="UTF-8"?>
<testng-results skipped="0" failed="0" ignored="0" total="4" passed="4">
  <reporter-output>
  </reporter-output>
  <suite name="Clicktripz Automation Test Suite" duration-ms="209355" started-at="2018-07-16T01:43:42Z" finished-at="2018-07-16T01:47:12Z">
    <groups>
      <group name="exit">
        <method signature="ExitUnitTest.test_Exit_Unit(org.testng.ITestContext)[pri:0, instance:test.HotelCitywideTest@13b6d03]" name="test_Exit_Unit" class="test.ExitUnitTest"/>
        <method signature="ExitUnitTest.test_Exit_Unit(org.testng.ITestContext)[pri:0, instance:test.FlightsTest@3ab39c39]" name="test_Exit_Unit" class="test.ExitUnitTest"/>
      </group> <!-- exit -->
      <group name="search">
        <method signature="HotelCitywideTest.test_Hotel_Citywide(org.testng.ITestContext)[pri:0, instance:test.HotelCitywideTest@13b6d03]" name="test_Hotel_Citywide" class="test.HotelCitywideTest"/>
        <method signature="FlightsTest.test_Flights(org.testng.ITestContext)[pri:0, instance:test.FlightsTest@3ab39c39]" name="test_Flights" class="test.FlightsTest"/>
      </group> <!-- search -->
    </groups>
    <test name="Hotel Citywide Test" duration-ms="111801" started-at="2018-07-16T01:43:42Z" finished-at="2018-07-16T01:45:34Z">
      <class name="test.HotelCitywideTest">
        <test-method status="PASS" signature="setup(java.lang.String)[pri:0, instance:test.HotelCitywideTest@13b6d03]" name="setup" is-config="true" duration-ms="1716" started-at="2018-07-16T01:43:42Z" finished-at="2018-07-16T01:43:44Z">
          <params>
            <param index="0">
              <value>
                <![CDATA[headless]]>
              </value>
            </param>
          </params>
          <reporter-output>
          </reporter-output>
        </test-method> <!-- setup -->
        <test-method status="PASS" signature="_setup()[pri:0, instance:test.HotelCitywideTest@13b6d03]" name="_setup" is-config="true" duration-ms="887" started-at="2018-07-16T01:43:44Z" finished-at="2018-07-16T01:43:45Z">
          <reporter-output>
          </reporter-output>
        </test-method> <!-- _setup -->
        <test-method status="PASS" signature="test_Hotel_Citywide(org.testng.ITestContext)[pri:0, instance:test.HotelCitywideTest@13b6d03]" name="test_Hotel_Citywide" duration-ms="6707" started-at="2018-07-16T01:43:45Z" data-provider="tc" finished-at="2018-07-16T01:43:52Z">
          <params>
            <param index="0">
              <value>
                <![CDATA[org.testng.TestRunner@346d61be]]>
              </value>
            </param>
          </params>
          <reporter-output>
          </reporter-output>
        </test-method> <!-- test_Hotel_Citywide -->
        <test-method status="PASS" signature="_setup()[pri:0, instance:test.HotelCitywideTest@13b6d03]" name="_setup" is-config="true" duration-ms="667" started-at="2018-07-16T01:43:52Z" finished-at="2018-07-16T01:43:52Z">
          <reporter-output>
          </reporter-output>
        </test-method> <!-- _setup -->
        <test-method status="PASS" signature="test_Exit_Unit(org.testng.ITestContext)[pri:0, instance:test.HotelCitywideTest@13b6d03]" name="test_Exit_Unit" duration-ms="98563" depends-on-groups="search" started-at="2018-07-16T01:43:52Z" data-provider="tc" finished-at="2018-07-16T01:45:31Z">
          <params>
            <param index="0">
              <value>
                <![CDATA[org.testng.TestRunner@346d61be]]>
              </value>
            </param>
          </params>
          <reporter-output>
          </reporter-output>
        </test-method> <!-- test_Exit_Unit -->
        <test-method status="PASS" signature="teardown()[pri:0, instance:test.HotelCitywideTest@13b6d03]" name="teardown" is-config="true" duration-ms="3233" depends-on-groups="exit, search" started-at="2018-07-16T01:45:31Z" finished-at="2018-07-16T01:45:34Z">
          <reporter-output>
          </reporter-output>
        </test-method> <!-- teardown -->
      </class> <!-- test.HotelCitywideTest -->
    </test> <!-- Hotel Citywide Test -->
    <test name="Flights Test" duration-ms="97362" started-at="2018-07-16T01:45:34Z" finished-at="2018-07-16T01:47:12Z">
      <class name="test.FlightsTest">
        <test-method status="PASS" signature="setup(java.lang.String)[pri:0, instance:test.FlightsTest@3ab39c39]" name="setup" is-config="true" duration-ms="1068" started-at="2018-07-16T01:45:34Z" finished-at="2018-07-16T01:45:35Z">
          <params>
            <param index="0">
              <value>
                <![CDATA[headless]]>
              </value>
            </param>
          </params>
          <reporter-output>
          </reporter-output>
        </test-method> <!-- setup -->
        <test-method status="PASS" signature="_setup()[pri:0, instance:test.FlightsTest@3ab39c39]" name="_setup" is-config="true" duration-ms="1312" started-at="2018-07-16T01:45:35Z" finished-at="2018-07-16T01:45:37Z">
          <reporter-output>
          </reporter-output>
        </test-method> <!-- _setup -->
        <test-method status="PASS" signature="test_Flights(org.testng.ITestContext)[pri:0, instance:test.FlightsTest@3ab39c39]" name="test_Flights" duration-ms="6352" started-at="2018-07-16T01:45:37Z" data-provider="tc" finished-at="2018-07-16T01:45:43Z">
          <params>
            <param index="0">
              <value>
                <![CDATA[org.testng.TestRunner@163042ea]]>
              </value>
            </param>
          </params>
          <reporter-output>
          </reporter-output>
        </test-method> <!-- test_Flights -->
        <test-method status="PASS" signature="_setup()[pri:0, instance:test.FlightsTest@3ab39c39]" name="_setup" is-config="true" duration-ms="225" started-at="2018-07-16T01:45:43Z" finished-at="2018-07-16T01:45:43Z">
          <reporter-output>
          </reporter-output>
        </test-method> <!-- _setup -->
        <test-method status="PASS" signature="test_Exit_Unit(org.testng.ITestContext)[pri:0, instance:test.FlightsTest@3ab39c39]" name="test_Exit_Unit" duration-ms="86568" depends-on-groups="search" started-at="2018-07-16T01:45:43Z" data-provider="tc" finished-at="2018-07-16T01:47:10Z">
          <params>
            <param index="0">
              <value>
                <![CDATA[org.testng.TestRunner@163042ea]]>
              </value>
            </param>
          </params>
          <reporter-output>
          </reporter-output>
        </test-method> <!-- test_Exit_Unit -->
        <test-method status="PASS" signature="teardown()[pri:0, instance:test.FlightsTest@3ab39c39]" name="teardown" is-config="true" duration-ms="1834" depends-on-groups="exit, search" started-at="2018-07-16T01:47:10Z" finished-at="2018-07-16T01:47:12Z">
          <reporter-output>
          </reporter-output>
        </test-method> <!-- teardown -->
      </class> <!-- test.FlightsTest -->
    </test> <!-- Flights Test -->
  </suite> <!-- Clicktripz Automation Test Suite -->
</testng-results>
